c:\users\admin\desktop\asrs\asrs\debug\vc143.pdb
c:\users\admin\desktop\asrs\asrs\debug\vc143.idb
c:\users\admin\desktop\asrs\asrs\debug\warehouse.obj
c:\users\admin\desktop\asrs\asrs\debug\rack.obj
c:\users\admin\desktop\asrs\asrs\debug\product.obj
c:\users\admin\desktop\asrs\asrs\debug\operator.obj
c:\users\admin\desktop\asrs\asrs\debug\operations.obj
c:\users\admin\desktop\asrs\asrs\debug\location.obj
c:\users\admin\desktop\asrs\asrs\debug\hardware.obj
c:\users\admin\desktop\asrs\asrs\debug\employees.obj
c:\users\admin\desktop\asrs\asrs\debug\asrs.obj
c:\users\admin\desktop\asrs\debug\asrs.exe
c:\users\admin\desktop\asrs\asrs\debug\asrs.ilk
c:\users\admin\desktop\asrs\debug\asrs.pdb
c:\users\admin\desktop\asrs\asrs\debug\asrs.tlog\cl.command.1.tlog
c:\users\admin\desktop\asrs\asrs\debug\asrs.tlog\cl.read.1.tlog
c:\users\admin\desktop\asrs\asrs\debug\asrs.tlog\cl.write.1.tlog
c:\users\admin\desktop\asrs\asrs\debug\asrs.tlog\link.command.1.tlog
c:\users\admin\desktop\asrs\asrs\debug\asrs.tlog\link.read.1.tlog
c:\users\admin\desktop\asrs\asrs\debug\asrs.tlog\link.write.1.tlog
